[33mÔØ»[39m Building...
[32mÔ£ö[39m Building...
Application bundle generation failed. [1.712 seconds] - 2026-03-02T20:46:59.548Z

node.exe : [1m[31m[31mX 
[41;31m[[41;97mERROR[41;31m][0m [1mTS2532: 
Object is possibly 'undefined'.[0m 
[1m[35m[plugin angular-compiler][0m
En C:\Users\Benit\AppData\Roaming\npm\ng.ps1: 24 
Carácter: 5
+     & "node$exe"  
"$basedir/node_modules/@angular/cli/bin/ng.js" 
$arg ...
+     ~~~~~~~~~~~~~~~~~~~~~~~~~~~~~~~~~~~~~~~~~~~~
~~~~~~~~~~~~~~~~~~~~~
    + CategoryInfo          : NotSpecified: ([1m 
   [31m[31mX...r-compiler][0m:String) [], Rem  
  oteException
    + FullyQualifiedErrorId : NativeCommandError
 

    src/app/Movements/movements.html:49:65:
[37m      49 Ôöé ...        <span 
*ngIf="move.tipo === 'PRESTAMO' && 
[32mmove.cuotas > 1[37m">
         ÔòÁ                                      
               [32m~~~~~~~~~~~~~~~[0m

  Error occurs in the template of component 
MovimientosComponent.

    src/app/Movements/movements.ts:23:17:
[37m      23 Ôöé     templateUrl: 
[32m'./movements.html'[37m,
         ÔòÁ                  
[32m~~~~~~~~~~~~~~~~~~[0m


[31mX [41;31m[[41;97mERROR[41;31m][0m 
[1mTS2532: Object is possibly 'undefined'.[0m 
[1m[35m[plugin angular-compiler][0m

    src/app/Movements/movements.html:52:65:
[37m      52 Ôöé ....tipo !== 'PRESTAMO' || 
[32mmove.cuotas <= 1[37m" style="color: 
#9ca3af;">
         ÔòÁ                            
[32m~~~~~~~~~~~~~~~~[0m

  Error occurs in the template of component 
MovimientosComponent.

    src/app/Movements/movements.ts:23:17:
[37m      23 Ôöé     templateUrl: 
[32m'./movements.html'[37m,
         ÔòÁ                  
[32m~~~~~~~~~~~~~~~~~~[0m


[31mX [41;31m[[41;97mERROR[41;31m][0m 
[1mTS2339: Property '_id' does not exist on type 
'{ nombre: string; apellidos: string; dni: 
string; sexo: string; nacionalidad: string; 
telefono: string; contactoEmergencia: string; 
numeroEmergencia: string; fechaNacimiento: 
string; direccion: string; ... 17 more ...; 
estado: string; }'.[0m [1m[35m[plugin 
angular-compiler][0m

    src/app/employees/employees.html:66:31:
[37m      66 Ôöé             <h2>{{ 
newEmployee.[32m_id[37m ? 'Editar Empleado' : 
'Registra...
         ÔòÁ                                
[32m~~~[0m

  Error occurs in the template of component 
GestionEmpleadosComponent.

    src/app/employees/employees.ts:24:17:
[37m      24 Ôöé     templateUrl: 
[32m'./employees.html'[37m,
         ÔòÁ                  
[32m~~~~~~~~~~~~~~~~~~[0m


[31mX [41;31m[[41;97mERROR[41;31m][0m 
[1mTS2339: Property '_id' does not exist on type 
'{ nombre: string; apellidos: string; dni: 
string; sexo: string; nacionalidad: string; 
telefono: string; contactoEmergencia: string; 
numeroEmergencia: string; fechaNacimiento: 
string; direccion: string; ... 17 more ...; 
estado: string; }'.[0m [1m[35m[plugin 
angular-compiler][0m

    src/app/employees/employees.html:267:76:
[37m      267 Ôöé ...s="btn-submit">{{ 
newEmployee.[32m_id[37m ? 'Actualizar Datos' : 
'Guardar
          ÔòÁ                                  
[32m~~~[0m

  Error occurs in the template of component 
GestionEmpleadosComponent.

    src/app/employees/employees.ts:24:17:
[37m      24 Ôöé     templateUrl: 
[32m'./employees.html'[37m,
         ÔòÁ                  
[32m~~~~~~~~~~~~~~~~~~[0m

[39m[22m
